<?xml version="1.0" encoding="UTF-8"?>
<!-- Generated by org.testng.reporters.JUnitReportReporter -->
<testsuite skipped="0" hostname="plutosolutions" name="plutosolutions.server.TestServerTests" tests="1" failures="0" timestamp="15 พ.ค. 2560 08:24:47 GMT" time="21.601" errors="0">
  <testcase name="Test" time="21.601" classname="plutosolutions.server.TestServerTests"/>
</testsuite> <!-- plutosolutions.server.TestServerTests -->
