<?xml version="1.0" encoding="UTF-8"?>
<!-- Generated by org.testng.reporters.JUnitReportReporter -->
<testsuite skipped="0" hostname="plutosolutions" name="plutosolutions.test.CustomCalculatorTest" tests="3" failures="0" timestamp="14 พ.ค. 2560 11:05:01 GMT" time="12.910" errors="0">
  <testcase name="StartupTest" time="0.015" classname="plutosolutions.test.CustomCalculatorTest"/>
  <testcase name="SumFunctionTest" time="12.002" classname="plutosolutions.test.CustomCalculatorTest"/>
  <testcase name="ClearFunctionTest" time="0.893" classname="plutosolutions.test.CustomCalculatorTest"/>
</testsuite> <!-- plutosolutions.test.CustomCalculatorTest -->
