<?xml version="1.0" encoding="UTF-8"?>
<!-- Generated by org.testng.reporters.JUnitReportReporter -->
<testsuite skipped="0" hostname="plutosolutions" name="plutosolutions.test.CalculatorTestNG" tests="3" failures="0" timestamp="14 พ.ค. 2560 10:35:12 GMT" time="12.327" errors="0">
  <testcase name="StartupTest" time="0.036" classname="plutosolutions.test.CalculatorTestNG"/>
  <testcase name="SumFunctionTest" time="11.352" classname="plutosolutions.test.CalculatorTestNG"/>
  <testcase name="ClearFunctionTest" time="0.939" classname="plutosolutions.test.CalculatorTestNG"/>
</testsuite> <!-- plutosolutions.test.CalculatorTestNG -->
