<?xml version="1.0" encoding="UTF-8"?>
<!-- Generated by org.testng.reporters.JUnitReportReporter -->
<testsuite skipped="0" hostname="plutosolutions" name="plutosolutions.mobilephone.DeviceStandardCalculatorTest" tests="1" failures="0" timestamp="15 พ.ค. 2560 09:31:41 GMT" time="0.014" errors="0">
  <testcase name="StartupTest" time="0.014" classname="plutosolutions.mobilephone.DeviceStandardCalculatorTest"/>
</testsuite> <!-- plutosolutions.mobilephone.DeviceStandardCalculatorTest -->
