<?xml version="1.0" encoding="UTF-8"?>
<!-- Generated by org.testng.reporters.JUnitReportReporter -->
<testsuite skipped="0" hostname="plutosolutions" name="plutosolutions.mobilephone.DeviceCalculatorTest" tests="2" failures="0" timestamp="22 พ.ค. 2560 06:24:40 GMT" time="6.922" errors="0">
  <testcase name="StartupTest" time="0.014" classname="plutosolutions.mobilephone.DeviceCalculatorTest"/>
  <testcase name="SumFunctionTest" time="6.908" classname="plutosolutions.mobilephone.DeviceCalculatorTest"/>
</testsuite> <!-- plutosolutions.mobilephone.DeviceCalculatorTest -->
