<?xml version="1.0" encoding="UTF-8"?>
<!-- Generated by org.testng.reporters.JUnitReportReporter -->
<testsuite skipped="0" hostname="plutosolutions" name="plutosolutions.mobilephone.MobilePhoneCustomCalculatorTest" tests="3" failures="0" timestamp="14 พ.ค. 2560 16:19:46 GMT" time="24.559" errors="0">
  <testcase name="StartupTest" time="0.016" classname="plutosolutions.mobilephone.MobilePhoneCustomCalculatorTest"/>
  <testcase name="SumFunctionTest" time="23.599" classname="plutosolutions.mobilephone.MobilePhoneCustomCalculatorTest"/>
  <testcase name="ClearFunctionTest" time="0.944" classname="plutosolutions.mobilephone.MobilePhoneCustomCalculatorTest"/>
</testsuite> <!-- plutosolutions.mobilephone.MobilePhoneCustomCalculatorTest -->
