<?xml version="1.0" encoding="UTF-8"?>
<!-- Generated by org.testng.reporters.JUnitReportReporter -->
<testsuite skipped="0" hostname="plutosolutions" name="plutosolutions.emulator.EmulatorCustomCalculatorTest" tests="3" failures="0" timestamp="14 พ.ค. 2560 12:23:14 GMT" time="12.607" errors="0">
  <testcase name="StartupTest" time="0.019" classname="plutosolutions.emulator.EmulatorCustomCalculatorTest"/>
  <testcase name="SumFunctionTest" time="11.734" classname="plutosolutions.emulator.EmulatorCustomCalculatorTest"/>
  <testcase name="ClearFunctionTest" time="0.854" classname="plutosolutions.emulator.EmulatorCustomCalculatorTest"/>
</testsuite> <!-- plutosolutions.emulator.EmulatorCustomCalculatorTest -->
