<?xml version="1.0" encoding="UTF-8"?>
<!-- Generated by org.testng.reporters.JUnitReportReporter -->
<testsuite skipped="0" hostname="plutosolutions" name="plutosolutions.com.FirstAppiumTest" tests="1" failures="0" timestamp="14 พ.ค. 2560 05:58:38 GMT" time="0.014" errors="0">
  <testcase name="SimpleTest" time="0.014" classname="plutosolutions.com.FirstAppiumTest"/>
</testsuite> <!-- plutosolutions.com.FirstAppiumTest -->
